# JRE version: Java(TM) SE Runtime Environment (8.0_77-b03) (build 1.8.0_77-b03)
# Java VM: Java HotSpot(TM) 64-Bit Server VM (25.77-b03 mixed mode windows-amd64 compressed oops)
Heap:
 PSYoungGen      total 246784K, used 9915K [0x00000000eab00000, 0x00000000fc100000, 0x0000000100000000)
  eden space 210432K, 0% used [0x00000000eab00000,0x00000000eab00000,0x00000000f7880000)
  from space 36352K, 27% used [0x00000000f9c80000,0x00000000fa62ece8,0x00000000fc000000)
  to   space 36864K, 0% used [0x00000000f7880000,0x00000000f7880000,0x00000000f9c80000)
 ParOldGen       total 390144K, used 61233K [0x00000000c0000000, 0x00000000d7d00000, 0x00000000eab00000)
  object space 390144K, 15% used [0x00000000c0000000,0x00000000c3bcc418,0x00000000d7d00000)
 Metaspace       used 80897K, capacity 89716K, committed 89856K, reserved 1126400K
  class space    used 10183K, capacity 12788K, committed 12800K, reserved 1048576K
GC Heap History (10 events):
Event: 49.859 GC heap after
Heap after GC invocations=8 (full 3):
 PSYoungGen      total 175616K, used 10747K [0x00000000eab00000, 0x00000000fa480000, 0x0000000100000000)
  eden space 164864K, 0% used [0x00000000eab00000,0x00000000eab00000,0x00000000f4c00000)
  from space 10752K, 99% used [0x00000000f4c00000,0x00000000f567ec48,0x00000000f5680000)
  to   space 35840K, 0% used [0x00000000f8180000,0x00000000f8180000,0x00000000fa480000)
 ParOldGen       total 390144K, used 82200K [0x00000000c0000000, 0x00000000d7d00000, 0x00000000eab00000)
  object space 390144K, 21% used [0x00000000c0000000,0x00000000c5046338,0x00000000d7d00000)
 Metaspace       used 69811K, capacity 78142K, committed 78464K, reserved 1116160K
  class space    used 8725K, capacity 11274K, committed 11392K, reserved 1048576K
}
Event: 102.760 GC heap before
{Heap before GC invocations=9 (full 3):
 PSYoungGen      total 175616K, used 79029K [0x00000000eab00000, 0x00000000fa480000, 0x0000000100000000)
  eden space 164864K, 41% used [0x00000000eab00000,0x00000000eedae9b0,0x00000000f4c00000)
  from space 10752K, 99% used [0x00000000f4c00000,0x00000000f567ec48,0x00000000f5680000)
  to   space 35840K, 0% used [0x00000000f8180000,0x00000000f8180000,0x00000000fa480000)
 ParOldGen       total 390144K, used 82200K [0x00000000c0000000, 0x00000000d7d00000, 0x00000000eab00000)
  object space 390144K, 21% used [0x00000000c0000000,0x00000000c5046338,0x00000000d7d00000)
 Metaspace       used 71291K, capacity 79732K, committed 79872K, reserved 1118208K
  class space    used 8890K, capacity 11483K, committed 11520K, reserved 1048576K
Event: 102.790 GC heap after
Heap after GC invocations=9 (full 3):
 PSYoungGen      total 219136K, used 15882K [0x00000000eab00000, 0x00000000fa580000, 0x0000000100000000)
  eden space 183296K, 0% used [0x00000000eab00000,0x00000000eab00000,0x00000000f5e00000)
  from space 35840K, 44% used [0x00000000f8180000,0x00000000f9102a68,0x00000000fa480000)
  to   space 36352K, 0% used [0x00000000f5e00000,0x00000000f5e00000,0x00000000f8180000)
 ParOldGen       total 390144K, used 82208K [0x00000000c0000000, 0x00000000d7d00000, 0x00000000eab00000)
  object space 390144K, 21% used [0x00000000c0000000,0x00000000c5048338,0x00000000d7d00000)
 Metaspace       used 71291K, capacity 79732K, committed 79872K, reserved 1118208K
  class space    used 8890K, capacity 11483K, committed 11520K, reserved 1048576K
}
Event: 102.790 GC heap before
{Heap before GC invocations=10 (full 4):
 PSYoungGen      total 219136K, used 15882K [0x00000000eab00000, 0x00000000fa580000, 0x0000000100000000)
  eden space 183296K, 0% used [0x00000000eab00000,0x00000000eab00000,0x00000000f5e00000)
  from space 35840K, 44% used [0x00000000f8180000,0x00000000f9102a68,0x00000000fa480000)
  to   space 36352K, 0% used [0x00000000f5e00000,0x00000000f5e00000,0x00000000f8180000)
 ParOldGen       total 390144K, used 82208K [0x00000000c0000000, 0x00000000d7d00000, 0x00000000eab00000)
  object space 390144K, 21% used [0x00000000c0000000,0x00000000c5048338,0x00000000d7d00000)
 Metaspace       used 71291K, capacity 79732K, committed 79872K, reserved 1118208K
  class space    used 8890K, capacity 11483K, committed 11520K, reserved 1048576K
Event: 104.637 GC heap after
Heap after GC invocations=10 (full 4):
 PSYoungGen      total 219136K, used 0K [0x00000000eab00000, 0x00000000fa580000, 0x0000000100000000)
  eden space 183296K, 0% used [0x00000000eab00000,0x00000000eab00000,0x00000000f5e00000)
  from space 35840K, 0% used [0x00000000f8180000,0x00000000f8180000,0x00000000fa480000)
  to   space 36352K, 0% used [0x00000000f5e00000,0x00000000f5e00000,0x00000000f8180000)
 ParOldGen       total 390144K, used 61225K [0x00000000c0000000, 0x00000000d7d00000, 0x00000000eab00000)
  object space 390144K, 15% used [0x00000000c0000000,0x00000000c3bca418,0x00000000d7d00000)
 Metaspace       used 71291K, capacity 79732K, committed 79872K, reserved 1118208K
  class space    used 8890K, capacity 11483K, committed 11520K, reserved 1048576K
}
Event: 137.384 GC heap before
{Heap before GC invocations=11 (full 4):
 PSYoungGen      total 219136K, used 183296K [0x00000000eab00000, 0x00000000fa580000, 0x0000000100000000)
  eden space 183296K, 100% used [0x00000000eab00000,0x00000000f5e00000,0x00000000f5e00000)
  from space 35840K, 0% used [0x00000000f8180000,0x00000000f8180000,0x00000000fa480000)
  to   space 36352K, 0% used [0x00000000f5e00000,0x00000000f5e00000,0x00000000f8180000)
 ParOldGen       total 390144K, used 61225K [0x00000000c0000000, 0x00000000d7d00000, 0x00000000eab00000)
  object space 390144K, 15% used [0x00000000c0000000,0x00000000c3bca418,0x00000000d7d00000)
 Metaspace       used 79876K, capacity 88504K, committed 88704K, reserved 1126400K
  class space    used 10058K, capacity 12619K, committed 12672K, reserved 1048576K
Event: 137.448 GC heap after
Heap after GC invocations=11 (full 4):
 PSYoungGen      total 219648K, used 16471K [0x00000000eab00000, 0x00000000fc000000, 0x0000000100000000)
  eden space 183296K, 0% used [0x00000000eab00000,0x00000000eab00000,0x00000000f5e00000)
  from space 36352K, 45% used [0x00000000f5e00000,0x00000000f6e15f18,0x00000000f8180000)
  to   space 36352K, 0% used [0x00000000f9c80000,0x00000000f9c80000,0x00000000fc000000)
 ParOldGen       total 390144K, used 61233K [0x00000000c0000000, 0x00000000d7d00000, 0x00000000eab00000)
  object space 390144K, 15% used [0x00000000c0000000,0x00000000c3bcc418,0x00000000d7d00000)
 Metaspace       used 79876K, capacity 88504K, committed 88704K, reserved 1126400K
  class space    used 10058K, capacity 12619K, committed 12672K, reserved 1048576K
}
Event: 220.636 GC heap before
{Heap before GC invocations=12 (full 4):
 PSYoungGen      total 219648K, used 67140K [0x00000000eab00000, 0x00000000fc000000, 0x0000000100000000)
  eden space 183296K, 27% used [0x00000000eab00000,0x00000000edc7b248,0x00000000f5e00000)
  from space 36352K, 45% used [0x00000000f5e00000,0x00000000f6e15f18,0x00000000f8180000)
  to   space 36352K, 0% used [0x00000000f9c80000,0x00000000f9c80000,0x00000000fc000000)
 ParOldGen       total 390144K, used 61233K [0x00000000c0000000, 0x00000000d7d00000, 0x00000000eab00000)
  object space 390144K, 15% used [0x00000000c0000000,0x00000000c3bcc418,0x00000000d7d00000)
 Metaspace       used 80897K, capacity 89716K, committed 89856K, reserved 1126400K
  class space    used 10183K, capacity 12788K, committed 12800K, reserved 1048576K
Event: 220.667 GC heap after
Heap after GC invocations=12 (full 4):
 PSYoungGen      total 246784K, used 9915K [0x00000000eab00000, 0x00000000fc100000, 0x0000000100000000)
  eden space 210432K, 0% used [0x00000000eab00000,0x00000000eab00000,0x00000000f7880000)
  from space 36352K, 27% used [0x00000000f9c80000,0x00000000fa62ece8,0x00000000fc000000)
  to   space 36864K, 0% used [0x00000000f7880000,0x00000000f7880000,0x00000000f9c80000)
 ParOldGen       total 390144K, used 61233K [0x00000000c0000000, 0x00000000d7d00000, 0x00000000eab00000)
  object space 390144K, 15% used [0x00000000c0000000,0x00000000c3bcc418,0x00000000d7d00000)
 Metaspace       used 80897K, capacity 89716K, committed 89856K, reserved 1126400K
  class space    used 10183K, capacity 12788K, committed 12800K, reserved 1048576K
}
Event: 220.667 GC heap before
{Heap before GC invocations=13 (full 5):
 PSYoungGen      total 246784K, used 9915K [0x00000000eab00000, 0x00000000fc100000, 0x0000000100000000)
  eden space 210432K, 0% used [0x00000000eab00000,0x00000000eab00000,0x00000000f7880000)
  from space 36352K, 27% used [0x00000000f9c80000,0x00000000fa62ece8,0x00000000fc000000)
  to   space 36864K, 0% used [0x00000000f7880000,0x00000000f7880000,0x00000000f9c80000)
 ParOldGen       total 390144K, used 61233K [0x00000000c0000000, 0x00000000d7d00000, 0x00000000eab00000)
  object space 390144K, 15% used [0x00000000c0000000,0x00000000c3bcc418,0x00000000d7d00000)
 Metaspace       used 80897K, capacity 89716K, committed 89856K, reserved 1126400K
  class space    used 10183K, capacity 12788K, committed 12800K, reserved 1048576K

